<?xml version="1.0" encoding="UTF-8"?>
<testsuite name="ohtu.matkakortti.KassapaateTest" tests="4" skipped="0" failures="0" errors="0" timestamp="2018-11-22T13:06:59" hostname="js-MacBook-Pro.local" time="0.318">
  <properties/>
  <testcase name="kortiltaVelotetaanHintaJosRahaaOn" classname="ohtu.matkakortti.KassapaateTest" time="0.316"/>
  <testcase name="lataaRahaaJosSyotePositiivinen" classname="ohtu.matkakortti.KassapaateTest" time="0.001"/>
  <testcase name="korttiaEiVoiLadataNegatiivisellaNumerolla" classname="ohtu.matkakortti.KassapaateTest" time="0.001"/>
  <testcase name="kortiltaEiVelotetaJosRahaEiRiita" classname="ohtu.matkakortti.KassapaateTest" time="0.0"/>
  <system-out><![CDATA[]]></system-out>
  <system-err><![CDATA[]]></system-err>
</testsuite>
